<?xml version="1.0" encoding="UTF-8"?>
<!-- Generated by org.testng.reporters.JUnitXMLReporter -->
<testsuite ignored="0" hostname="DESKTOP-15AQBUE" failures="0" tests="4" name="UserTests" time="15.117" errors="0" timestamp="2023-04-10T14:33:14 IST">
  <testcase classname="api.test.UserTest" name="testPostUser" time="8.158"/>
  <testcase classname="api.test.UserTest" name="testGetUserByName" time="1.416"/>
  <testcase classname="api.test.UserTest" name="testUpdateUserByName" time="2.724"/>
  <testcase classname="api.test.UserTest" name="deleteUserByName" time="1.353"/>
</testsuite> <!-- UserTests -->
