<?xml version="1.0" encoding="UTF-8"?>
<!-- Generated by org.testng.reporters.JUnitXMLReporter -->
<testsuite ignored="0" hostname="DESKTOP-15AQBUE" failures="0" tests="6" name="Default test" time="53.645" errors="0" timestamp="2023-04-08T22:44:41 IST">
  <testcase classname="api.test.DDTests" name="testPostUser" time="42.214"/>
  <testcase classname="api.test.DDTests" name="testPostUser" time="1.383"/>
  <testcase classname="api.test.DDTests" name="testPostUser" time="1.324"/>
  <testcase classname="api.test.DDTests" name="testDeleteUserByName" time="1.472"/>
  <testcase classname="api.test.DDTests" name="testDeleteUserByName" time="1.367"/>
  <testcase classname="api.test.DDTests" name="testDeleteUserByName" time="1.35"/>
</testsuite> <!-- Default test -->
