<?xml version="1.0" encoding="UTF-8"?>
<testng-results ignored="0" total="4" passed="4" failed="0" skipped="0">
  <reporter-output>
  </reporter-output>
  <suite started-at="2023-04-10T14:32:58 IST" name="PetStoreSuite" finished-at="2023-04-10T14:33:13 IST" duration-ms="15117">
    <groups>
    </groups>
    <test started-at="2023-04-10T14:32:58 IST" name="UserTests" finished-at="2023-04-10T14:33:13 IST" duration-ms="15117">
      <class name="api.test.UserTest">
        <test-method is-config="true" signature="setupData()[pri:0, instance:api.test.UserTest@41e36e46]" started-at="2023-04-10T14:32:58 IST" name="setupData" finished-at="2023-04-10T14:32:59 IST" duration-ms="717" status="PASS">
          <reporter-output>
          </reporter-output>
        </test-method> <!-- setupData -->
        <test-method signature="testPostUser()[pri:1, instance:api.test.UserTest@41e36e46]" started-at="2023-04-10T14:32:59 IST" name="testPostUser" finished-at="2023-04-10T14:33:07 IST" duration-ms="8158" status="PASS">
          <reporter-output>
          </reporter-output>
        </test-method> <!-- testPostUser -->
        <test-method signature="testGetUserByName()[pri:2, instance:api.test.UserTest@41e36e46]" started-at="2023-04-10T14:33:07 IST" name="testGetUserByName" finished-at="2023-04-10T14:33:09 IST" duration-ms="1416" status="PASS">
          <reporter-output>
          </reporter-output>
        </test-method> <!-- testGetUserByName -->
        <test-method signature="testUpdateUserByName()[pri:3, instance:api.test.UserTest@41e36e46]" started-at="2023-04-10T14:33:09 IST" name="testUpdateUserByName" finished-at="2023-04-10T14:33:12 IST" duration-ms="2724" status="PASS">
          <reporter-output>
          </reporter-output>
        </test-method> <!-- testUpdateUserByName -->
        <test-method signature="deleteUserByName()[pri:4, instance:api.test.UserTest@41e36e46]" started-at="2023-04-10T14:33:12 IST" name="deleteUserByName" finished-at="2023-04-10T14:33:13 IST" duration-ms="1353" status="PASS">
          <reporter-output>
          </reporter-output>
        </test-method> <!-- deleteUserByName -->
      </class> <!-- api.test.UserTest -->
    </test> <!-- UserTests -->
  </suite> <!-- PetStoreSuite -->
</testng-results>
