<?xml version="1.0" encoding="UTF-8"?>
<testng-results ignored="0" total="4" passed="4" failed="0" skipped="0">
  <reporter-output>
  </reporter-output>
  <suite started-at="2023-04-08T23:31:23 IST" name="PetStoreSuite" finished-at="2023-04-08T23:31:35 IST" duration-ms="12158">
    <groups>
    </groups>
    <test started-at="2023-04-08T23:31:23 IST" name="UserTests" finished-at="2023-04-08T23:31:35 IST" duration-ms="12158">
      <class name="api.test.UserTest">
        <test-method is-config="true" signature="setupData()[pri:0, instance:api.test.UserTest@1151e434]" started-at="2023-04-08T23:31:24 IST" name="setupData" finished-at="2023-04-08T23:31:24 IST" duration-ms="493" status="PASS">
          <reporter-output>
          </reporter-output>
        </test-method> <!-- setupData -->
        <test-method signature="testPostUser()[pri:1, instance:api.test.UserTest@1151e434]" started-at="2023-04-08T23:31:24 IST" name="testPostUser" finished-at="2023-04-08T23:31:29 IST" duration-ms="5229" status="PASS">
          <reporter-output>
          </reporter-output>
        </test-method> <!-- testPostUser -->
        <test-method signature="testGetUserByName()[pri:2, instance:api.test.UserTest@1151e434]" started-at="2023-04-08T23:31:29 IST" name="testGetUserByName" finished-at="2023-04-08T23:31:31 IST" duration-ms="1416" status="PASS">
          <reporter-output>
          </reporter-output>
        </test-method> <!-- testGetUserByName -->
        <test-method signature="testUpdateUserByName()[pri:3, instance:api.test.UserTest@1151e434]" started-at="2023-04-08T23:31:31 IST" name="testUpdateUserByName" finished-at="2023-04-08T23:31:34 IST" duration-ms="2730" status="PASS">
          <reporter-output>
          </reporter-output>
        </test-method> <!-- testUpdateUserByName -->
        <test-method signature="deleteUserByName()[pri:4, instance:api.test.UserTest@1151e434]" started-at="2023-04-08T23:31:34 IST" name="deleteUserByName" finished-at="2023-04-08T23:31:35 IST" duration-ms="1313" status="PASS">
          <reporter-output>
          </reporter-output>
        </test-method> <!-- deleteUserByName -->
      </class> <!-- api.test.UserTest -->
    </test> <!-- UserTests -->
  </suite> <!-- PetStoreSuite -->
</testng-results>
