<?xml version="1.0" encoding="UTF-8"?>
<!-- Generated by org.testng.reporters.JUnitXMLReporter -->
<testsuite ignored="0" hostname="DESKTOP-15AQBUE" failures="0" tests="4" name="UserTests" time="12.158" errors="0" timestamp="2023-04-08T23:31:36 IST">
  <testcase classname="api.test.UserTest" name="testPostUser" time="5.229"/>
  <testcase classname="api.test.UserTest" name="testGetUserByName" time="1.416"/>
  <testcase classname="api.test.UserTest" name="testUpdateUserByName" time="2.73"/>
  <testcase classname="api.test.UserTest" name="deleteUserByName" time="1.313"/>
</testsuite> <!-- UserTests -->
